# JRE version: Java(TM) SE Runtime Environment (8.0_20-b26) (build 1.8.0_20-b26)
# Java VM: Java HotSpot(TM) 64-Bit Server VM (25.20-b23 mixed mode windows-amd64 compressed oops)
Heap:
 PSYoungGen      total 219136K, used 29562K [0x00000000eab00000, 0x00000000fa180000, 0x0000000100000000)
  eden space 196608K, 3% used [0x00000000eab00000,0x00000000eb1dfd98,0x00000000f6b00000)
  from space 22528K, 99% used [0x00000000f8600000,0x00000000f9bfed50,0x00000000f9c00000)
  to   space 27648K, 0% used [0x00000000f6b00000,0x00000000f6b00000,0x00000000f8600000)
 ParOldGen       total 97792K, used 48526K [0x00000000c0000000, 0x00000000c5f80000, 0x00000000eab00000)
  object space 97792K, 49% used [0x00000000c0000000,0x00000000c2f638a0,0x00000000c5f80000)
 Metaspace       used 47041K, capacity 49380K, committed 49496K, reserved 1091584K
  class space    used 6375K, capacity 7252K, committed 7296K, reserved 1048576K
GC Heap History (10 events):
Event: 12.168 GC heap before
{Heap before GC invocations=9 (full 1):
 PSYoungGen      total 142336K, used 142324K [0x00000000eab00000, 0x00000000f8080000, 0x0000000100000000)
  eden space 131072K, 100% used [0x00000000eab00000,0x00000000f2b00000,0x00000000f2b00000)
  from space 11264K, 99% used [0x00000000f2b00000,0x00000000f35fd010,0x00000000f3600000)
  to   space 15360K, 0% used [0x00000000f7180000,0x00000000f7180000,0x00000000f8080000)
 ParOldGen       total 51200K, used 21816K [0x00000000c0000000, 0x00000000c3200000, 0x00000000eab00000)
  object space 51200K, 42% used [0x00000000c0000000,0x00000000c154e058,0x00000000c3200000)
 Metaspace       used 33859K, capacity 35208K, committed 35416K, reserved 1079296K
  class space    used 4715K, capacity 5243K, committed 5248K, reserved 1048576K
Event: 12.271 GC heap after
Heap after GC invocations=9 (full 1):
 PSYoungGen      total 195072K, used 15360K [0x00000000eab00000, 0x00000000f9300000, 0x0000000100000000)
  eden space 179712K, 0% used [0x00000000eab00000,0x00000000eab00000,0x00000000f5a80000)
  from space 15360K, 100% used [0x00000000f7180000,0x00000000f8080000,0x00000000f8080000)
  to   space 23552K, 0% used [0x00000000f5a80000,0x00000000f5a80000,0x00000000f7180000)
 ParOldGen       total 51200K, used 34923K [0x00000000c0000000, 0x00000000c3200000, 0x00000000eab00000)
  object space 51200K, 68% used [0x00000000c0000000,0x00000000c221aee0,0x00000000c3200000)
 Metaspace       used 33859K, capacity 35208K, committed 35416K, reserved 1079296K
  class space    used 4715K, capacity 5243K, committed 5248K, reserved 1048576K
}
Event: 12.271 GC heap before
{Heap before GC invocations=10 (full 2):
 PSYoungGen      total 195072K, used 15360K [0x00000000eab00000, 0x00000000f9300000, 0x0000000100000000)
  eden space 179712K, 0% used [0x00000000eab00000,0x00000000eab00000,0x00000000f5a80000)
  from space 15360K, 100% used [0x00000000f7180000,0x00000000f8080000,0x00000000f8080000)
  to   space 23552K, 0% used [0x00000000f5a80000,0x00000000f5a80000,0x00000000f7180000)
 ParOldGen       total 51200K, used 34923K [0x00000000c0000000, 0x00000000c3200000, 0x00000000eab00000)
  object space 51200K, 68% used [0x00000000c0000000,0x00000000c221aee0,0x00000000c3200000)
 Metaspace       used 33859K, capacity 35208K, committed 35416K, reserved 1079296K
  class space    used 4715K, capacity 5243K, committed 5248K, reserved 1048576K
Event: 13.573 GC heap after
Heap after GC invocations=10 (full 2):
 PSYoungGen      total 195072K, used 0K [0x00000000eab00000, 0x00000000f9300000, 0x0000000100000000)
  eden space 179712K, 0% used [0x00000000eab00000,0x00000000eab00000,0x00000000f5a80000)
  from space 15360K, 0% used [0x00000000f7180000,0x00000000f7180000,0x00000000f8080000)
  to   space 23552K, 0% used [0x00000000f5a80000,0x00000000f5a80000,0x00000000f7180000)
 ParOldGen       total 97792K, used 39599K [0x00000000c0000000, 0x00000000c5f80000, 0x00000000eab00000)
  object space 97792K, 40% used [0x00000000c0000000,0x00000000c26abd20,0x00000000c5f80000)
 Metaspace       used 33859K, capacity 35208K, committed 35416K, reserved 1079296K
  class space    used 4715K, capacity 5243K, committed 5248K, reserved 1048576K
}
Event: 21.444 GC heap before
{Heap before GC invocations=11 (full 2):
 PSYoungGen      total 195072K, used 75039K [0x00000000eab00000, 0x00000000f9300000, 0x0000000100000000)
  eden space 179712K, 41% used [0x00000000eab00000,0x00000000ef447ee8,0x00000000f5a80000)
  from space 15360K, 0% used [0x00000000f7180000,0x00000000f7180000,0x00000000f8080000)
  to   space 23552K, 0% used [0x00000000f5a80000,0x00000000f5a80000,0x00000000f7180000)
 ParOldGen       total 97792K, used 39599K [0x00000000c0000000, 0x00000000c5f80000, 0x00000000eab00000)
  object space 97792K, 40% used [0x00000000c0000000,0x00000000c26abd20,0x00000000c5f80000)
 Metaspace       used 40853K, capacity 42356K, committed 42584K, reserved 1085440K
  class space    used 5565K, capacity 6182K, committed 6272K, reserved 1048576K
Event: 21.477 GC heap after
Heap after GC invocations=11 (full 2):
 PSYoungGen      total 203264K, used 8812K [0x00000000eab00000, 0x00000000f9c00000, 0x0000000100000000)
  eden space 179712K, 0% used [0x00000000eab00000,0x00000000eab00000,0x00000000f5a80000)
  from space 23552K, 37% used [0x00000000f5a80000,0x00000000f631b380,0x00000000f7180000)
  to   space 22528K, 0% used [0x00000000f8600000,0x00000000f8600000,0x00000000f9c00000)
 ParOldGen       total 97792K, used 39607K [0x00000000c0000000, 0x00000000c5f80000, 0x00000000eab00000)
  object space 97792K, 40% used [0x00000000c0000000,0x00000000c26add20,0x00000000c5f80000)
 Metaspace       used 40853K, capacity 42356K, committed 42584K, reserved 1085440K
  class space    used 5565K, capacity 6182K, committed 6272K, reserved 1048576K
}
Event: 21.477 GC heap before
{Heap before GC invocations=12 (full 3):
 PSYoungGen      total 203264K, used 8812K [0x00000000eab00000, 0x00000000f9c00000, 0x0000000100000000)
  eden space 179712K, 0% used [0x00000000eab00000,0x00000000eab00000,0x00000000f5a80000)
  from space 23552K, 37% used [0x00000000f5a80000,0x00000000f631b380,0x00000000f7180000)
  to   space 22528K, 0% used [0x00000000f8600000,0x00000000f8600000,0x00000000f9c00000)
 ParOldGen       total 97792K, used 39607K [0x00000000c0000000, 0x00000000c5f80000, 0x00000000eab00000)
  object space 97792K, 40% used [0x00000000c0000000,0x00000000c26add20,0x00000000c5f80000)
 Metaspace       used 40853K, capacity 42356K, committed 42584K, reserved 1085440K
  class space    used 5565K, capacity 6182K, committed 6272K, reserved 1048576K
Event: 22.143 GC heap after
Heap after GC invocations=12 (full 3):
 PSYoungGen      total 203264K, used 0K [0x00000000eab00000, 0x00000000f9c00000, 0x0000000100000000)
  eden space 179712K, 0% used [0x00000000eab00000,0x00000000eab00000,0x00000000f5a80000)
  from space 23552K, 0% used [0x00000000f5a80000,0x00000000f5a80000,0x00000000f7180000)
  to   space 22528K, 0% used [0x00000000f8600000,0x00000000f8600000,0x00000000f9c00000)
 ParOldGen       total 97792K, used 43927K [0x00000000c0000000, 0x00000000c5f80000, 0x00000000eab00000)
  object space 97792K, 44% used [0x00000000c0000000,0x00000000c2ae5e70,0x00000000c5f80000)
 Metaspace       used 40853K, capacity 42356K, committed 42584K, reserved 1085440K
  class space    used 5565K, capacity 6182K, committed 6272K, reserved 1048576K
}
Event: 191.274 GC heap before
{Heap before GC invocations=13 (full 3):
 PSYoungGen      total 203264K, used 179712K [0x00000000eab00000, 0x00000000f9c00000, 0x0000000100000000)
  eden space 179712K, 100% used [0x00000000eab00000,0x00000000f5a80000,0x00000000f5a80000)
  from space 23552K, 0% used [0x00000000f5a80000,0x00000000f5a80000,0x00000000f7180000)
  to   space 22528K, 0% used [0x00000000f8600000,0x00000000f8600000,0x00000000f9c00000)
 ParOldGen       total 97792K, used 43927K [0x00000000c0000000, 0x00000000c5f80000, 0x00000000eab00000)
  object space 97792K, 44% used [0x00000000c0000000,0x00000000c2ae5e70,0x00000000c5f80000)
 Metaspace       used 47004K, capacity 49300K, committed 49496K, reserved 1091584K
  class space    used 6369K, capacity 7249K, committed 7296K, reserved 1048576K
Event: 191.349 GC heap after
Heap after GC invocations=13 (full 3):
 PSYoungGen      total 219136K, used 22523K [0x00000000eab00000, 0x00000000fa180000, 0x0000000100000000)
  eden space 196608K, 0% used [0x00000000eab00000,0x00000000eab00000,0x00000000f6b00000)
  from space 22528K, 99% used [0x00000000f8600000,0x00000000f9bfed50,0x00000000f9c00000)
  to   space 27648K, 0% used [0x00000000f6b00000,0x00000000f6b00000,0x00000000f8600000)
 ParOldGen       total 97792K, used 48526K [0x00000000c0000000, 0x00000000c5f80000, 0x00000000eab00000)
  object space 97792K, 49% used [0x00000000c0000000,0x00000000c2f638a0,0x00000000c5f80000)
 Metaspace       used 47004K, capacity 49300K, committed 49496K, reserved 1091584K
  class space    used 6369K, capacity 7249K, committed 7296K, reserved 1048576K
}

