# JRE version: Java(TM) SE Runtime Environment (8.0_20-b26) (build 1.8.0_20-b26)
# Java VM: Java HotSpot(TM) 64-Bit Server VM (25.20-b23 mixed mode windows-amd64 compressed oops)
Heap:
 PSYoungGen      total 264192K, used 197499K [0x00000000eab00000, 0x00000000fe400000, 0x0000000100000000)
  eden space 218624K, 90% used [0x00000000eab00000,0x00000000f6bdee08,0x00000000f8080000)
  from space 45568K, 0% used [0x00000000fb080000,0x00000000fb080000,0x00000000fdd00000)
  to   space 49152K, 0% used [0x00000000f8080000,0x00000000f8080000,0x00000000fb080000)
 ParOldGen       total 139264K, used 97854K [0x00000000c0000000, 0x00000000c8800000, 0x00000000eab00000)
  object space 139264K, 70% used [0x00000000c0000000,0x00000000c5f8f928,0x00000000c8800000)
 Metaspace       used 73633K, capacity 78404K, committed 78552K, reserved 1116160K
  class space    used 9947K, capacity 11506K, committed 11520K, reserved 1048576K
GC Heap History (10 events):
Event: 1474.756 GC heap before
{Heap before GC invocations=30 (full 7):
 PSYoungGen      total 220160K, used 19696K [0x00000000eab00000, 0x00000000fb780000, 0x0000000100000000)
  eden space 187904K, 0% used [0x00000000eab00000,0x00000000eab00000,0x00000000f6280000)
  from space 32256K, 61% used [0x00000000f6280000,0x00000000f75bc318,0x00000000f8200000)
  to   space 32768K, 0% used [0x00000000f9780000,0x00000000f9780000,0x00000000fb780000)
 ParOldGen       total 139264K, used 81147K [0x00000000c0000000, 0x00000000c8800000, 0x00000000eab00000)
  object space 139264K, 58% used [0x00000000c0000000,0x00000000c4f3ef38,0x00000000c8800000)
 Metaspace       used 67293K, capacity 71298K, committed 71512K, reserved 1110016K
  class space    used 9120K, capacity 10558K, committed 10624K, reserved 1048576K
Event: 1475.320 GC heap after
Heap after GC invocations=30 (full 7):
 PSYoungGen      total 220160K, used 0K [0x00000000eab00000, 0x00000000fb780000, 0x0000000100000000)
  eden space 187904K, 0% used [0x00000000eab00000,0x00000000eab00000,0x00000000f6280000)
  from space 32256K, 0% used [0x00000000f6280000,0x00000000f6280000,0x00000000f8200000)
  to   space 32768K, 0% used [0x00000000f9780000,0x00000000f9780000,0x00000000fb780000)
 ParOldGen       total 139264K, used 72560K [0x00000000c0000000, 0x00000000c8800000, 0x00000000eab00000)
  object space 139264K, 52% used [0x00000000c0000000,0x00000000c46dc298,0x00000000c8800000)
 Metaspace       used 54479K, capacity 56712K, committed 71512K, reserved 1110016K
  class space    used 7224K, capacity 8005K, committed 10624K, reserved 1048576K
}
Event: 1561.839 GC heap before
{Heap before GC invocations=31 (full 7):
 PSYoungGen      total 220160K, used 187904K [0x00000000eab00000, 0x00000000fb780000, 0x0000000100000000)
  eden space 187904K, 100% used [0x00000000eab00000,0x00000000f6280000,0x00000000f6280000)
  from space 32256K, 0% used [0x00000000f6280000,0x00000000f6280000,0x00000000f8200000)
  to   space 32768K, 0% used [0x00000000f9780000,0x00000000f9780000,0x00000000fb780000)
 ParOldGen       total 139264K, used 72560K [0x00000000c0000000, 0x00000000c8800000, 0x00000000eab00000)
  object space 139264K, 52% used [0x00000000c0000000,0x00000000c46dc298,0x00000000c8800000)
 Metaspace       used 60388K, capacity 63354K, committed 71512K, reserved 1110016K
  class space    used 8043K, capacity 9063K, committed 10624K, reserved 1048576K
Event: 1561.879 GC heap after
Heap after GC invocations=31 (full 7):
 PSYoungGen      total 238592K, used 27484K [0x00000000eab00000, 0x00000000fbb80000, 0x0000000100000000)
  eden space 205824K, 0% used [0x00000000eab00000,0x00000000eab00000,0x00000000f7400000)
  from space 32768K, 83% used [0x00000000f9780000,0x00000000fb2573a0,0x00000000fb780000)
  to   space 36352K, 0% used [0x00000000f7400000,0x00000000f7400000,0x00000000f9780000)
 ParOldGen       total 139264K, used 72568K [0x00000000c0000000, 0x00000000c8800000, 0x00000000eab00000)
  object space 139264K, 52% used [0x00000000c0000000,0x00000000c46de298,0x00000000c8800000)
 Metaspace       used 60388K, capacity 63354K, committed 71512K, reserved 1110016K
  class space    used 8043K, capacity 9063K, committed 10624K, reserved 1048576K
}
Event: 1886.356 GC heap before
{Heap before GC invocations=32 (full 7):
 PSYoungGen      total 238592K, used 233308K [0x00000000eab00000, 0x00000000fbb80000, 0x0000000100000000)
  eden space 205824K, 100% used [0x00000000eab00000,0x00000000f7400000,0x00000000f7400000)
  from space 32768K, 83% used [0x00000000f9780000,0x00000000fb2573a0,0x00000000fb780000)
  to   space 36352K, 0% used [0x00000000f7400000,0x00000000f7400000,0x00000000f9780000)
 ParOldGen       total 139264K, used 72568K [0x00000000c0000000, 0x00000000c8800000, 0x00000000eab00000)
  object space 139264K, 52% used [0x00000000c0000000,0x00000000c46de298,0x00000000c8800000)
 Metaspace       used 67491K, capacity 71068K, committed 71512K, reserved 1110016K
  class space    used 9065K, capacity 10300K, committed 10624K, reserved 1048576K
Event: 1886.411 GC heap after
Heap after GC invocations=32 (full 7):
 PSYoungGen      total 242176K, used 36323K [0x00000000eab00000, 0x00000000fdd00000, 0x0000000100000000)
  eden space 205824K, 0% used [0x00000000eab00000,0x00000000eab00000,0x00000000f7400000)
  from space 36352K, 99% used [0x00000000f7400000,0x00000000f9778dd0,0x00000000f9780000)
  to   space 45568K, 0% used [0x00000000fb080000,0x00000000fb080000,0x00000000fdd00000)
 ParOldGen       total 139264K, used 82194K [0x00000000c0000000, 0x00000000c8800000, 0x00000000eab00000)
  object space 139264K, 59% used [0x00000000c0000000,0x00000000c5044848,0x00000000c8800000)
 Metaspace       used 67491K, capacity 71068K, committed 71512K, reserved 1110016K
  class space    used 9065K, capacity 10300K, committed 10624K, reserved 1048576K
}
Event: 1886.493 GC heap before
{Heap before GC invocations=33 (full 7):
 PSYoungGen      total 242176K, used 39518K [0x00000000eab00000, 0x00000000fdd00000, 0x0000000100000000)
  eden space 205824K, 1% used [0x00000000eab00000,0x00000000eae1ed08,0x00000000f7400000)
  from space 36352K, 99% used [0x00000000f7400000,0x00000000f9778dd0,0x00000000f9780000)
  to   space 45568K, 0% used [0x00000000fb080000,0x00000000fb080000,0x00000000fdd00000)
 ParOldGen       total 139264K, used 82194K [0x00000000c0000000, 0x00000000c8800000, 0x00000000eab00000)
  object space 139264K, 59% used [0x00000000c0000000,0x00000000c5044848,0x00000000c8800000)
 Metaspace       used 67565K, capacity 71154K, committed 71512K, reserved 1110016K
  class space    used 9078K, capacity 10310K, committed 10624K, reserved 1048576K
Event: 1886.585 GC heap after
Heap after GC invocations=33 (full 7):
 PSYoungGen      total 264192K, used 35221K [0x00000000eab00000, 0x00000000fe400000, 0x0000000100000000)
  eden space 218624K, 0% used [0x00000000eab00000,0x00000000eab00000,0x00000000f8080000)
  from space 45568K, 77% used [0x00000000fb080000,0x00000000fd2e5560,0x00000000fdd00000)
  to   space 49152K, 0% used [0x00000000f8080000,0x00000000f8080000,0x00000000fb080000)
 ParOldGen       total 139264K, used 82194K [0x00000000c0000000, 0x00000000c8800000, 0x00000000eab00000)
  object space 139264K, 59% used [0x00000000c0000000,0x00000000c5044848,0x00000000c8800000)
 Metaspace       used 67565K, capacity 71154K, committed 71512K, reserved 1110016K
  class space    used 9078K, capacity 10310K, committed 10624K, reserved 1048576K
}
Event: 1886.585 GC heap before
{Heap before GC invocations=34 (full 8):
 PSYoungGen      total 264192K, used 35221K [0x00000000eab00000, 0x00000000fe400000, 0x0000000100000000)
  eden space 218624K, 0% used [0x00000000eab00000,0x00000000eab00000,0x00000000f8080000)
  from space 45568K, 77% used [0x00000000fb080000,0x00000000fd2e5560,0x00000000fdd00000)
  to   space 49152K, 0% used [0x00000000f8080000,0x00000000f8080000,0x00000000fb080000)
 ParOldGen       total 139264K, used 82194K [0x00000000c0000000, 0x00000000c8800000, 0x00000000eab00000)
  object space 139264K, 59% used [0x00000000c0000000,0x00000000c5044848,0x00000000c8800000)
 Metaspace       used 67565K, capacity 71154K, committed 71512K, reserved 1110016K
  class space    used 9078K, capacity 10310K, committed 10624K, reserved 1048576K
Event: 1887.333 GC heap after
Heap after GC invocations=34 (full 8):
 PSYoungGen      total 264192K, used 0K [0x00000000eab00000, 0x00000000fe400000, 0x0000000100000000)
  eden space 218624K, 0% used [0x00000000eab00000,0x00000000eab00000,0x00000000f8080000)
  from space 45568K, 0% used [0x00000000fb080000,0x00000000fb080000,0x00000000fdd00000)
  to   space 49152K, 0% used [0x00000000f8080000,0x00000000f8080000,0x00000000fb080000)
 ParOldGen       total 139264K, used 97854K [0x00000000c0000000, 0x00000000c8800000, 0x00000000eab00000)
  object space 139264K, 70% used [0x00000000c0000000,0x00000000c5f8f928,0x00000000c8800000)
 Metaspace       used 67565K, capacity 71154K, committed 71512K, reserved 1110016K
  class space    used 9078K, capacity 10310K, committed 10624K, reserved 1048576K
}

