# JRE version: Java(TM) SE Runtime Environment (8.0_20-b26) (build 1.8.0_20-b26)
# Java VM: Java HotSpot(TM) 64-Bit Server VM (25.20-b23 mixed mode windows-amd64 compressed oops)
Heap:
 PSYoungGen      total 276480K, used 36377K [0x00000000eab00000, 0x00000000fdc00000, 0x0000000100000000)
  eden space 242688K, 14% used [0x00000000eab00000,0x00000000ece866a8,0x00000000f9800000)
  from space 33792K, 0% used [0x00000000fbb00000,0x00000000fbb00000,0x00000000fdc00000)
  to   space 34816K, 0% used [0x00000000f9800000,0x00000000f9800000,0x00000000fba00000)
 ParOldGen       total 141824K, used 78494K [0x00000000c0000000, 0x00000000c8a80000, 0x00000000eab00000)
  object space 141824K, 55% used [0x00000000c0000000,0x00000000c4ca7a50,0x00000000c8a80000)
 Metaspace       used 60833K, capacity 64232K, committed 72064K, reserved 1110016K
  class space    used 8084K, capacity 9254K, committed 10880K, reserved 1048576K
GC Heap History (10 events):
Event: 12145.928 GC heap before
{Heap before GC invocations=34 (full 8):
 PSYoungGen      total 252928K, used 82974K [0x00000000eab00000, 0x00000000fde00000, 0x0000000100000000)
  eden space 222208K, 24% used [0x00000000eab00000,0x00000000edf82d98,0x00000000f8400000)
  from space 30720K, 95% used [0x00000000f8400000,0x00000000fa084db8,0x00000000fa200000)
  to   space 35840K, 0% used [0x00000000fbb00000,0x00000000fbb00000,0x00000000fde00000)
 ParOldGen       total 141824K, used 49616K [0x00000000c0000000, 0x00000000c8a80000, 0x00000000eab00000)
  object space 141824K, 34% used [0x00000000c0000000,0x00000000c30742d0,0x00000000c8a80000)
 Metaspace       used 54713K, capacity 57144K, committed 72064K, reserved 1110016K
  class space    used 7235K, capacity 8101K, committed 10880K, reserved 1048576K
Event: 12145.980 GC heap after
Heap after GC invocations=34 (full 8):
 PSYoungGen      total 276480K, used 15570K [0x00000000eab00000, 0x00000000fdc00000, 0x0000000100000000)
  eden space 242688K, 0% used [0x00000000eab00000,0x00000000eab00000,0x00000000f9800000)
  from space 33792K, 46% used [0x00000000fbb00000,0x00000000fca348d0,0x00000000fdc00000)
  to   space 34816K, 0% used [0x00000000f9800000,0x00000000f9800000,0x00000000fba00000)
 ParOldGen       total 141824K, used 49624K [0x00000000c0000000, 0x00000000c8a80000, 0x00000000eab00000)
  object space 141824K, 34% used [0x00000000c0000000,0x00000000c30762d0,0x00000000c8a80000)
 Metaspace       used 54713K, capacity 57144K, committed 72064K, reserved 1110016K
  class space    used 7235K, capacity 8101K, committed 10880K, reserved 1048576K
}
Event: 12145.980 GC heap before
{Heap before GC invocations=35 (full 9):
 PSYoungGen      total 276480K, used 15570K [0x00000000eab00000, 0x00000000fdc00000, 0x0000000100000000)
  eden space 242688K, 0% used [0x00000000eab00000,0x00000000eab00000,0x00000000f9800000)
  from space 33792K, 46% used [0x00000000fbb00000,0x00000000fca348d0,0x00000000fdc00000)
  to   space 34816K, 0% used [0x00000000f9800000,0x00000000f9800000,0x00000000fba00000)
 ParOldGen       total 141824K, used 49624K [0x00000000c0000000, 0x00000000c8a80000, 0x00000000eab00000)
  object space 141824K, 34% used [0x00000000c0000000,0x00000000c30762d0,0x00000000c8a80000)
 Metaspace       used 54713K, capacity 57144K, committed 72064K, reserved 1110016K
  class space    used 7235K, capacity 8101K, committed 10880K, reserved 1048576K
Event: 12146.652 GC heap after
Heap after GC invocations=35 (full 9):
 PSYoungGen      total 276480K, used 0K [0x00000000eab00000, 0x00000000fdc00000, 0x0000000100000000)
  eden space 242688K, 0% used [0x00000000eab00000,0x00000000eab00000,0x00000000f9800000)
  from space 33792K, 0% used [0x00000000fbb00000,0x00000000fbb00000,0x00000000fdc00000)
  to   space 34816K, 0% used [0x00000000f9800000,0x00000000f9800000,0x00000000fba00000)
 ParOldGen       total 141824K, used 41962K [0x00000000c0000000, 0x00000000c8a80000, 0x00000000eab00000)
  object space 141824K, 29% used [0x00000000c0000000,0x00000000c28faa28,0x00000000c8a80000)
 Metaspace       used 48289K, capacity 49982K, committed 72064K, reserved 1110016K
  class space    used 6285K, capacity 6909K, committed 10880K, reserved 1048576K
}
Event: 12257.583 GC heap before
{Heap before GC invocations=36 (full 9):
 PSYoungGen      total 276480K, used 242688K [0x00000000eab00000, 0x00000000fdc00000, 0x0000000100000000)
  eden space 242688K, 100% used [0x00000000eab00000,0x00000000f9800000,0x00000000f9800000)
  from space 33792K, 0% used [0x00000000fbb00000,0x00000000fbb00000,0x00000000fdc00000)
  to   space 34816K, 0% used [0x00000000f9800000,0x00000000f9800000,0x00000000fba00000)
 ParOldGen       total 141824K, used 41962K [0x00000000c0000000, 0x00000000c8a80000, 0x00000000eab00000)
  object space 141824K, 29% used [0x00000000c0000000,0x00000000c28faa28,0x00000000c8a80000)
 Metaspace       used 55681K, capacity 58474K, committed 72064K, reserved 1110016K
  class space    used 7311K, capacity 8300K, committed 10880K, reserved 1048576K
Event: 12257.638 GC heap after
Heap after GC invocations=36 (full 9):
 PSYoungGen      total 277504K, used 32080K [0x00000000eab00000, 0x00000000fdc00000, 0x0000000100000000)
  eden space 242688K, 0% used [0x00000000eab00000,0x00000000eab00000,0x00000000f9800000)
  from space 34816K, 92% used [0x00000000f9800000,0x00000000fb7541e8,0x00000000fba00000)
  to   space 33792K, 0% used [0x00000000fbb00000,0x00000000fbb00000,0x00000000fdc00000)
 ParOldGen       total 141824K, used 41970K [0x00000000c0000000, 0x00000000c8a80000, 0x00000000eab00000)
  object space 141824K, 29% used [0x00000000c0000000,0x00000000c28fca28,0x00000000c8a80000)
 Metaspace       used 55681K, capacity 58474K, committed 72064K, reserved 1110016K
  class space    used 7311K, capacity 8300K, committed 10880K, reserved 1048576K
}
Event: 12274.024 GC heap before
{Heap before GC invocations=37 (full 9):
 PSYoungGen      total 277504K, used 186662K [0x00000000eab00000, 0x00000000fdc00000, 0x0000000100000000)
  eden space 242688K, 63% used [0x00000000eab00000,0x00000000f41f5618,0x00000000f9800000)
  from space 34816K, 92% used [0x00000000f9800000,0x00000000fb7541e8,0x00000000fba00000)
  to   space 33792K, 0% used [0x00000000fbb00000,0x00000000fbb00000,0x00000000fdc00000)
 ParOldGen       total 141824K, used 41970K [0x00000000c0000000, 0x00000000c8a80000, 0x00000000eab00000)
  object space 141824K, 29% used [0x00000000c0000000,0x00000000c28fca28,0x00000000c8a80000)
 Metaspace       used 60722K, capacity 63866K, committed 72064K, reserved 1110016K
  class space    used 8065K, capacity 9148K, committed 10880K, reserved 1048576K
Event: 12274.099 GC heap after
Heap after GC invocations=37 (full 9):
 PSYoungGen      total 276480K, used 33778K [0x00000000eab00000, 0x00000000fdc00000, 0x0000000100000000)
  eden space 242688K, 0% used [0x00000000eab00000,0x00000000eab00000,0x00000000f9800000)
  from space 33792K, 99% used [0x00000000fbb00000,0x00000000fdbfcad8,0x00000000fdc00000)
  to   space 34816K, 0% used [0x00000000f9800000,0x00000000f9800000,0x00000000fba00000)
 ParOldGen       total 141824K, used 51683K [0x00000000c0000000, 0x00000000c8a80000, 0x00000000eab00000)
  object space 141824K, 36% used [0x00000000c0000000,0x00000000c3278dc0,0x00000000c8a80000)
 Metaspace       used 60722K, capacity 63866K, committed 72064K, reserved 1110016K
  class space    used 8065K, capacity 9148K, committed 10880K, reserved 1048576K
}
Event: 12274.099 GC heap before
{Heap before GC invocations=38 (full 10):
 PSYoungGen      total 276480K, used 33778K [0x00000000eab00000, 0x00000000fdc00000, 0x0000000100000000)
  eden space 242688K, 0% used [0x00000000eab00000,0x00000000eab00000,0x00000000f9800000)
  from space 33792K, 99% used [0x00000000fbb00000,0x00000000fdbfcad8,0x00000000fdc00000)
  to   space 34816K, 0% used [0x00000000f9800000,0x00000000f9800000,0x00000000fba00000)
 ParOldGen       total 141824K, used 51683K [0x00000000c0000000, 0x00000000c8a80000, 0x00000000eab00000)
  object space 141824K, 36% used [0x00000000c0000000,0x00000000c3278dc0,0x00000000c8a80000)
 Metaspace       used 60722K, capacity 63866K, committed 72064K, reserved 1110016K
  class space    used 8065K, capacity 9148K, committed 10880K, reserved 1048576K
Event: 12274.635 GC heap after
Heap after GC invocations=38 (full 10):
 PSYoungGen      total 276480K, used 0K [0x00000000eab00000, 0x00000000fdc00000, 0x0000000100000000)
  eden space 242688K, 0% used [0x00000000eab00000,0x00000000eab00000,0x00000000f9800000)
  from space 33792K, 0% used [0x00000000fbb00000,0x00000000fbb00000,0x00000000fdc00000)
  to   space 34816K, 0% used [0x00000000f9800000,0x00000000f9800000,0x00000000fba00000)
 ParOldGen       total 141824K, used 78494K [0x00000000c0000000, 0x00000000c8a80000, 0x00000000eab00000)
  object space 141824K, 55% used [0x00000000c0000000,0x00000000c4ca7a50,0x00000000c8a80000)
 Metaspace       used 60722K, capacity 63866K, committed 72064K, reserved 1110016K
  class space    used 8065K, capacity 9148K, committed 10880K, reserved 1048576K
}

